[debug] [2023-03-20T18:14:54.813Z] ----------------------------------------------------------------------
[debug] [2023-03-20T18:14:54.816Z] Command:       C:\Program Files\nodejs\node.exe C:\Users\NISHANTH RAO DUGYALA\AppData\Roaming\npm\node_modules\firebase-tools\lib\bin\firebase.js init
[debug] [2023-03-20T18:14:54.817Z] CLI Version:   11.24.1
[debug] [2023-03-20T18:14:54.817Z] Platform:      win32
[debug] [2023-03-20T18:14:54.817Z] Node Version:  v16.17.1
[debug] [2023-03-20T18:14:54.818Z] Time:          Mon Mar 20 2023 23:44:54 GMT+0530 (India Standard Time)
[debug] [2023-03-20T18:14:54.818Z] ----------------------------------------------------------------------
[debug] 
[debug] [2023-03-20T18:14:54.827Z] > command requires scopes: ["email","openid","https://www.googleapis.com/auth/cloudplatformprojects.readonly","https://www.googleapis.com/auth/firebase","https://www.googleapis.com/auth/cloud-platform"]
[debug] [2023-03-20T18:14:54.827Z] > authorizing via signed-in user (dugyalanishanthrao@gmail.com)
[info] 
     ######## #### ########  ######## ########     ###     ######  ########
     ##        ##  ##     ## ##       ##     ##  ##   ##  ##       ##
     ######    ##  ########  ######   ########  #########  ######  ######
     ##        ##  ##    ##  ##       ##     ## ##     ##       ## ##
     ##       #### ##     ## ######## ########  ##     ##  ######  ########

You're about to initialize a Firebase project in this directory:

  C:\Users\NISHANTH RAO DUGYALA\Desktop\Nishanth-main\Nishanth-main\server\server

[info] 
=== Project Setup
[info] 
[info] First, let's associate this project directory with a Firebase project.
[info] You can create multiple project aliases by running firebase use --add, 
[info] but for now we'll just set up a default project.
[info] 
[info] i  If you want to create a project in a Google Cloud organization or folder, please use "firebase projects:create" instead, and return to this command when you've created the project. 
[debug] [2023-03-20T18:16:24.074Z] >>> [apiv2][query] POST https://cloudresourcemanager.googleapis.com/v1/projects [none]
[debug] [2023-03-20T18:16:24.075Z] >>> [apiv2][body] POST https://cloudresourcemanager.googleapis.com/v1/projects {"projectId":"Team-SHIKSHA","name":"Team-SHIKSHA"}
[debug] [2023-03-20T18:16:25.749Z] <<< [apiv2][status] POST https://cloudresourcemanager.googleapis.com/v1/projects 400
[debug] [2023-03-20T18:16:25.750Z] <<< [apiv2][body] POST https://cloudresourcemanager.googleapis.com/v1/projects {"error":{"code":400,"message":"field [project_id] has issue [project_id contains invalid characters]","status":"INVALID_ARGUMENT","details":[{"@type":"type.googleapis.com/google.rpc.BadRequest","fieldViolations":[{"field":"project_id","description":"project_id contains invalid characters"}]},{"@type":"type.googleapis.com/google.rpc.Help","links":[{"url":"https://cloud.google.com/resource-manager/reference/rest/v1/projects"}]}]}}
[debug] [2023-03-20T18:16:26.028Z] FirebaseError: HTTP Error: 400, field [project_id] has issue [project_id contains invalid characters]
    at responseToError (C:\Users\NISHANTH RAO DUGYALA\AppData\Roaming\npm\node_modules\firebase-tools\lib\responseToError.js:49:12)
    at RetryOperation._fn (C:\Users\NISHANTH RAO DUGYALA\AppData\Roaming\npm\node_modules\firebase-tools\lib\apiv2.js:288:77)
    at processTicksAndRejections (node:internal/process/task_queues:96:5)
[error] 
[error] Error: Failed to create project. See firebase-debug.log for more info.
